1567666603741	mozrunner::runner	INFO	Running command: "/usr/bin/firefox" "-marionette" "-headless" "-foreground" "-no-remote" "-profile" "/tmp/rust_mozprofile.czYD6UXqu3YM"
*** You are running in headless mode.
1567666605974	addons.webextension.screenshots@mozilla.org	WARN	Loading extension 'screenshots@mozilla.org': Reading manifest: Invalid extension permission: mozillaAddons
1567666605974	addons.webextension.screenshots@mozilla.org	WARN	Loading extension 'screenshots@mozilla.org': Reading manifest: Invalid extension permission: telemetry
1567666605975	addons.webextension.screenshots@mozilla.org	WARN	Loading extension 'screenshots@mozilla.org': Reading manifest: Invalid extension permission: resource://pdf.js/
1567666605975	addons.webextension.screenshots@mozilla.org	WARN	Loading extension 'screenshots@mozilla.org': Reading manifest: Invalid extension permission: about:reader*
1567666611804	Marionette	INFO	Listening on port 42815
1567666612284	Marionette	WARN	TLS certificate errors will be ignored for this session
console.error: BroadcastService: 
  receivedBroadcastMessage: handler for
  remote-settings/monitor_changes
  threw error:
  Message: Error: Polling for changes failed: http://%(server)s/dummy/blocklist//buckets/monitor/collections/changes/records?_expected=%221567621920756%22 is not a valid URL..
  Stack:
    remoteSettingsFunction/remoteSettings.pollChanges@resource://services-settings/remote-settings.js:201:13

1567667291606	mozrunner::runner	INFO	Running command: "/usr/bin/firefox" "-marionette" "-headless" "-foreground" "-no-remote" "-profile" "/tmp/rust_mozprofile.i2YJm5NFoUDI"
*** You are running in headless mode.
1567667292646	addons.webextension.screenshots@mozilla.org	WARN	Loading extension 'screenshots@mozilla.org': Reading manifest: Invalid extension permission: mozillaAddons
1567667292646	addons.webextension.screenshots@mozilla.org	WARN	Loading extension 'screenshots@mozilla.org': Reading manifest: Invalid extension permission: telemetry
1567667292647	addons.webextension.screenshots@mozilla.org	WARN	Loading extension 'screenshots@mozilla.org': Reading manifest: Invalid extension permission: resource://pdf.js/
1567667292647	addons.webextension.screenshots@mozilla.org	WARN	Loading extension 'screenshots@mozilla.org': Reading manifest: Invalid extension permission: about:reader*
1567667295823	Marionette	INFO	Listening on port 45007
1567667295837	Marionette	WARN	TLS certificate errors will be ignored for this session
console.error: BroadcastService: 
  receivedBroadcastMessage: handler for
  remote-settings/monitor_changes
  threw error:
  Message: Error: Polling for changes failed: http://%(server)s/dummy/blocklist//buckets/monitor/collections/changes/records?_expected=%221567621920756%22 is not a valid URL..
  Stack:
    remoteSettingsFunction/remoteSettings.pollChanges@resource://services-settings/remote-settings.js:201:13

1567671099445	mozrunner::runner	INFO	Running command: "/usr/bin/firefox" "-marionette" "-foreground" "-no-remote" "-profile" "/tmp/rust_mozprofile.n9Lp89w6vtHM"
1567671104065	addons.webextension.screenshots@mozilla.org	WARN	Loading extension 'screenshots@mozilla.org': Reading manifest: Invalid extension permission: mozillaAddons
1567671104066	addons.webextension.screenshots@mozilla.org	WARN	Loading extension 'screenshots@mozilla.org': Reading manifest: Invalid extension permission: telemetry
1567671104066	addons.webextension.screenshots@mozilla.org	WARN	Loading extension 'screenshots@mozilla.org': Reading manifest: Invalid extension permission: resource://pdf.js/
1567671104066	addons.webextension.screenshots@mozilla.org	WARN	Loading extension 'screenshots@mozilla.org': Reading manifest: Invalid extension permission: about:reader*
1567671110310	Marionette	INFO	Listening on port 45991
1567671110324	Marionette	WARN	TLS certificate errors will be ignored for this session
1567671112095	mozrunner::runner	INFO	Running command: "/usr/bin/firefox" "-marionette" "-headless" "-foreground" "-no-remote" "-profile" "/tmp/rust_mozprofile.KnXNjsU5ajY4"
*** You are running in headless mode.
1567671113260	addons.webextension.screenshots@mozilla.org	WARN	Loading extension 'screenshots@mozilla.org': Reading manifest: Invalid extension permission: mozillaAddons
1567671113260	addons.webextension.screenshots@mozilla.org	WARN	Loading extension 'screenshots@mozilla.org': Reading manifest: Invalid extension permission: telemetry
1567671113261	addons.webextension.screenshots@mozilla.org	WARN	Loading extension 'screenshots@mozilla.org': Reading manifest: Invalid extension permission: resource://pdf.js/
1567671113261	addons.webextension.screenshots@mozilla.org	WARN	Loading extension 'screenshots@mozilla.org': Reading manifest: Invalid extension permission: about:reader*
1567671116190	Marionette	INFO	Listening on port 34617
1567671116211	Marionette	WARN	TLS certificate errors will be ignored for this session
console.error: BroadcastService: 
  receivedBroadcastMessage: handler for
  remote-settings/monitor_changes
  threw error:
  Message: Error: Polling for changes failed: http://%(server)s/dummy/blocklist//buckets/monitor/collections/changes/records?_expected=%221567621920756%22 is not a valid URL..
  Stack:
    remoteSettingsFunction/remoteSettings.pollChanges@resource://services-settings/remote-settings.js:201:13

1567671140268	Marionette	INFO	Stopped listening on port 45991
1567673540267	mozrunner::runner	INFO	Running command: "/usr/bin/firefox" "-marionette" "-headless" "-foreground" "-no-remote" "-profile" "/tmp/rust_mozprofile.Z2WBgQVNMeyB"
*** You are running in headless mode.
1567673543106	addons.webextension.screenshots@mozilla.org	WARN	Loading extension 'screenshots@mozilla.org': Reading manifest: Invalid extension permission: mozillaAddons
1567673543106	addons.webextension.screenshots@mozilla.org	WARN	Loading extension 'screenshots@mozilla.org': Reading manifest: Invalid extension permission: telemetry
1567673543107	addons.webextension.screenshots@mozilla.org	WARN	Loading extension 'screenshots@mozilla.org': Reading manifest: Invalid extension permission: resource://pdf.js/
1567673543107	addons.webextension.screenshots@mozilla.org	WARN	Loading extension 'screenshots@mozilla.org': Reading manifest: Invalid extension permission: about:reader*
1567673549563	Marionette	INFO	Listening on port 41379
1567673550228	Marionette	WARN	TLS certificate errors will be ignored for this session
1567673555971	mozrunner::runner	INFO	Running command: "/usr/bin/firefox" "-marionette" "--incognito" "--disable-extensions" "--disable-gpu" "--disable-infobars" "--disable-web-security" "--no-sandbox" "-foreground" "-no-remote" "-profile" "/tmp/rust_mozprofile.w3CqrMj1eduV"
1567673557726	addons.webextension.screenshots@mozilla.org	WARN	Loading extension 'screenshots@mozilla.org': Reading manifest: Invalid extension permission: mozillaAddons
1567673557792	addons.webextension.screenshots@mozilla.org	WARN	Loading extension 'screenshots@mozilla.org': Reading manifest: Invalid extension permission: telemetry
1567673557794	addons.webextension.screenshots@mozilla.org	WARN	Loading extension 'screenshots@mozilla.org': Reading manifest: Invalid extension permission: resource://pdf.js/
1567673557795	addons.webextension.screenshots@mozilla.org	WARN	Loading extension 'screenshots@mozilla.org': Reading manifest: Invalid extension permission: about:reader*
1567673566852	Marionette	INFO	Listening on port 35697
1567673567495	Marionette	WARN	TLS certificate errors will be ignored for this session
console.error: BroadcastService: 
  receivedBroadcastMessage: handler for
  remote-settings/monitor_changes
  threw error:
  Message: Error: Polling for changes failed: http://%(server)s/dummy/blocklist//buckets/monitor/collections/changes/records?_expected=%221567621920756%22 is not a valid URL..
  Stack:
    remoteSettingsFunction/remoteSettings.pollChanges@resource://services-settings/remote-settings.js:201:13

1567673646466	mozrunner::runner	INFO	Running command: "/usr/bin/firefox" "-marionette" "-headless" "-foreground" "-no-remote" "-profile" "/tmp/rust_mozprofile.ERcL8jTno7Ob"
*** You are running in headless mode.
1567673652197	addons.webextension.screenshots@mozilla.org	WARN	Loading extension 'screenshots@mozilla.org': Reading manifest: Invalid extension permission: mozillaAddons
1567673652197	addons.webextension.screenshots@mozilla.org	WARN	Loading extension 'screenshots@mozilla.org': Reading manifest: Invalid extension permission: telemetry
1567673652197	addons.webextension.screenshots@mozilla.org	WARN	Loading extension 'screenshots@mozilla.org': Reading manifest: Invalid extension permission: resource://pdf.js/
1567673652197	addons.webextension.screenshots@mozilla.org	WARN	Loading extension 'screenshots@mozilla.org': Reading manifest: Invalid extension permission: about:reader*
1567673665259	Marionette	INFO	Listening on port 34395
1567673665740	Marionette	WARN	TLS certificate errors will be ignored for this session
1567673680486	mozrunner::runner	INFO	Running command: "/usr/bin/firefox" "-marionette" "--incognito" "--disable-extensions" "--disable-gpu" "--disable-infobars" "--disable-web-security" "--no-sandbox" "-foreground" "-no-remote" "-profile" "/tmp/rust_mozprofile.mR0QJ0MLoqM6"
console.error: BroadcastService: 
  receivedBroadcastMessage: handler for
  remote-settings/monitor_changes
  threw error:
  Message: Error: Polling for changes failed: http://%(server)s/dummy/blocklist//buckets/monitor/collections/changes/records?_expected=%221567621920756%22 is not a valid URL..
  Stack:
    remoteSettingsFunction/remoteSettings.pollChanges@resource://services-settings/remote-settings.js:201:13

1567673693274	addons.webextension.screenshots@mozilla.org	WARN	Loading extension 'screenshots@mozilla.org': Reading manifest: Invalid extension permission: mozillaAddons
1567673693275	addons.webextension.screenshots@mozilla.org	WARN	Loading extension 'screenshots@mozilla.org': Reading manifest: Invalid extension permission: telemetry
1567673693275	addons.webextension.screenshots@mozilla.org	WARN	Loading extension 'screenshots@mozilla.org': Reading manifest: Invalid extension permission: resource://pdf.js/
1567673693275	addons.webextension.screenshots@mozilla.org	WARN	Loading extension 'screenshots@mozilla.org': Reading manifest: Invalid extension permission: about:reader*
console.error: BroadcastService: 
  receivedBroadcastMessage: handler for
  remote-settings/monitor_changes
  threw error:
  Message: Error: Polling for changes failed: http://%(server)s/dummy/blocklist//buckets/monitor/collections/changes/records?_expected=%221567621920756%22 is not a valid URL..
  Stack:
    remoteSettingsFunction/remoteSettings.pollChanges@resource://services-settings/remote-settings.js:201:13

1567673711663	Marionette	INFO	Listening on port 33785
1567673711877	Marionette	WARN	TLS certificate errors will be ignored for this session
JavaScript error: https://storage.googleapis.com/workbox-cdn/releases/3.6.3/workbox-core.prod.js, line 1: Error: The open request was blocked and timed out
[Parent 18630, Gecko_IOThread] WARNING: pipe error (117): Connection reset by peer: file /build/firefox-qCOyDf/firefox-68.0.2+build1/ipc/chromium/src/chrome/common/ipc_channel_posix.cc, line 358
1567673730062	Marionette	INFO	Stopped listening on port 35697
JavaScript error: https://storage.googleapis.com/workbox-cdn/releases/3.6.3/workbox-core.prod.js, line 1: Error: The open request was blocked and timed out

###!!! [Child][RunMessage] Error: Channel closing: too late to send/recv, messages will be lost

[Parent 19084, Gecko_IOThread] WARNING: pipe error (78): Connection reset by peer: file /build/firefox-qCOyDf/firefox-68.0.2+build1/ipc/chromium/src/chrome/common/ipc_channel_posix.cc, line 358
1567673784420	Marionette	INFO	Stopped listening on port 33785
1567673793321	mozrunner::runner	INFO	Running command: "/usr/bin/firefox" "-marionette" "-headless" "-foreground" "-no-remote" "-profile" "/tmp/rust_mozprofile.QVSbL1Uc2Le5"
*** You are running in headless mode.
1567673796818	addons.webextension.screenshots@mozilla.org	WARN	Loading extension 'screenshots@mozilla.org': Reading manifest: Invalid extension permission: mozillaAddons
1567673796818	addons.webextension.screenshots@mozilla.org	WARN	Loading extension 'screenshots@mozilla.org': Reading manifest: Invalid extension permission: telemetry
1567673796818	addons.webextension.screenshots@mozilla.org	WARN	Loading extension 'screenshots@mozilla.org': Reading manifest: Invalid extension permission: resource://pdf.js/
1567673796818	addons.webextension.screenshots@mozilla.org	WARN	Loading extension 'screenshots@mozilla.org': Reading manifest: Invalid extension permission: about:reader*
1567673799819	Marionette	INFO	Listening on port 45725
1567673799889	Marionette	WARN	TLS certificate errors will be ignored for this session
1567673804500	mozrunner::runner	INFO	Running command: "/usr/bin/firefox" "-marionette" "--incognito" "--disable-extensions" "--disable-gpu" "--disable-infobars" "--disable-web-security" "--no-sandbox" "-foreground" "-no-remote" "-profile" "/tmp/rust_mozprofile.C30lCYxcwwvm"
1567673805757	addons.webextension.screenshots@mozilla.org	WARN	Loading extension 'screenshots@mozilla.org': Reading manifest: Invalid extension permission: mozillaAddons
1567673805757	addons.webextension.screenshots@mozilla.org	WARN	Loading extension 'screenshots@mozilla.org': Reading manifest: Invalid extension permission: telemetry
1567673805758	addons.webextension.screenshots@mozilla.org	WARN	Loading extension 'screenshots@mozilla.org': Reading manifest: Invalid extension permission: resource://pdf.js/
1567673805758	addons.webextension.screenshots@mozilla.org	WARN	Loading extension 'screenshots@mozilla.org': Reading manifest: Invalid extension permission: about:reader*
1567673809775	Marionette	INFO	Listening on port 34857
1567673809849	Marionette	WARN	TLS certificate errors will be ignored for this session
JavaScript error: https://storage.googleapis.com/workbox-cdn/releases/3.6.3/workbox-core.prod.js, line 1: Error: The open request was blocked and timed out
console.error: BroadcastService: 
  receivedBroadcastMessage: handler for
  remote-settings/monitor_changes
  threw error:
  Message: Error: Polling for changes failed: http://%(server)s/dummy/blocklist//buckets/monitor/collections/changes/records?_expected=%221567621920756%22 is not a valid URL..
  Stack:
    remoteSettingsFunction/remoteSettings.pollChanges@resource://services-settings/remote-settings.js:201:13

console.error: BroadcastService: 
  receivedBroadcastMessage: handler for
  remote-settings/monitor_changes
  threw error:
  Message: Error: Polling for changes failed: http://%(server)s/dummy/blocklist//buckets/monitor/collections/changes/records?_expected=%221567621920756%22 is not a valid URL..
  Stack:
    remoteSettingsFunction/remoteSettings.pollChanges@resource://services-settings/remote-settings.js:201:13

JavaScript error: https://storage.googleapis.com/workbox-cdn/releases/3.6.3/workbox-core.prod.js, line 1: Error: The open request was blocked and timed out
1567673897871	mozrunner::runner	INFO	Running command: "/usr/bin/firefox" "-marionette" "-headless" "-foreground" "-no-remote" "-profile" "/tmp/rust_mozprofile.ps6EIcG9sD3V"
*** You are running in headless mode.
1567673898608	addons.webextension.screenshots@mozilla.org	WARN	Loading extension 'screenshots@mozilla.org': Reading manifest: Invalid extension permission: mozillaAddons
1567673898608	addons.webextension.screenshots@mozilla.org	WARN	Loading extension 'screenshots@mozilla.org': Reading manifest: Invalid extension permission: telemetry
1567673898608	addons.webextension.screenshots@mozilla.org	WARN	Loading extension 'screenshots@mozilla.org': Reading manifest: Invalid extension permission: resource://pdf.js/
1567673898608	addons.webextension.screenshots@mozilla.org	WARN	Loading extension 'screenshots@mozilla.org': Reading manifest: Invalid extension permission: about:reader*
1567673904475	Marionette	INFO	Listening on port 38187
1567673904508	Marionette	WARN	TLS certificate errors will be ignored for this session
1567673912724	mozrunner::runner	INFO	Running command: "/usr/bin/firefox" "-marionette" "--incognito" "--disable-extensions" "--disable-gpu" "--disable-infobars" "--disable-web-security" "--no-sandbox" "-foreground" "-no-remote" "-profile" "/tmp/rust_mozprofile.dBEGi3HJDvRs"
1567673918840	addons.webextension.screenshots@mozilla.org	WARN	Loading extension 'screenshots@mozilla.org': Reading manifest: Invalid extension permission: mozillaAddons
1567673918840	addons.webextension.screenshots@mozilla.org	WARN	Loading extension 'screenshots@mozilla.org': Reading manifest: Invalid extension permission: telemetry
1567673918841	addons.webextension.screenshots@mozilla.org	WARN	Loading extension 'screenshots@mozilla.org': Reading manifest: Invalid extension permission: resource://pdf.js/
1567673918841	addons.webextension.screenshots@mozilla.org	WARN	Loading extension 'screenshots@mozilla.org': Reading manifest: Invalid extension permission: about:reader*
JavaScript error: https://storage.googleapis.com/workbox-cdn/releases/3.6.3/workbox-core.prod.js, line 1: Error: The open request was blocked and timed out
console.error: BroadcastService: 
  receivedBroadcastMessage: handler for
  remote-settings/monitor_changes
  threw error:
  Message: Error: Polling for changes failed: http://%(server)s/dummy/blocklist//buckets/monitor/collections/changes/records?_expected=%221567621920756%22 is not a valid URL..
  Stack:
    remoteSettingsFunction/remoteSettings.pollChanges@resource://services-settings/remote-settings.js:201:13

1567673934165	Marionette	INFO	Listening on port 38221
1567673934273	Marionette	WARN	TLS certificate errors will be ignored for this session
console.error: BroadcastService: 
  receivedBroadcastMessage: handler for
  remote-settings/monitor_changes
  threw error:
  Message: Error: Polling for changes failed: http://%(server)s/dummy/blocklist//buckets/monitor/collections/changes/records?_expected=%221567621920756%22 is not a valid URL..
  Stack:
    remoteSettingsFunction/remoteSettings.pollChanges@resource://services-settings/remote-settings.js:201:13

1567674019584	mozrunner::runner	INFO	Running command: "/usr/bin/firefox" "-marionette" "-headless" "-foreground" "-no-remote" "-profile" "/tmp/rust_mozprofile.BbwjpRZ7vwLk"
*** You are running in headless mode.
1567674024297	addons.webextension.screenshots@mozilla.org	WARN	Loading extension 'screenshots@mozilla.org': Reading manifest: Invalid extension permission: mozillaAddons
1567674024297	addons.webextension.screenshots@mozilla.org	WARN	Loading extension 'screenshots@mozilla.org': Reading manifest: Invalid extension permission: telemetry
1567674024297	addons.webextension.screenshots@mozilla.org	WARN	Loading extension 'screenshots@mozilla.org': Reading manifest: Invalid extension permission: resource://pdf.js/
1567674024298	addons.webextension.screenshots@mozilla.org	WARN	Loading extension 'screenshots@mozilla.org': Reading manifest: Invalid extension permission: about:reader*
1567674035018	Marionette	INFO	Listening on port 42577
1567674035139	Marionette	WARN	TLS certificate errors will be ignored for this session
1567674041616	mozrunner::runner	INFO	Running command: "/usr/bin/firefox" "-marionette" "--incognito" "--disable-extensions" "--disable-gpu" "--disable-infobars" "--disable-web-security" "--no-sandbox" "-foreground" "-no-remote" "-profile" "/tmp/rust_mozprofile.oJuDIDs36OAv"
1567674051866	addons.webextension.screenshots@mozilla.org	WARN	Loading extension 'screenshots@mozilla.org': Reading manifest: Invalid extension permission: mozillaAddons
1567674051867	addons.webextension.screenshots@mozilla.org	WARN	Loading extension 'screenshots@mozilla.org': Reading manifest: Invalid extension permission: telemetry
1567674051867	addons.webextension.screenshots@mozilla.org	WARN	Loading extension 'screenshots@mozilla.org': Reading manifest: Invalid extension permission: resource://pdf.js/
1567674051867	addons.webextension.screenshots@mozilla.org	WARN	Loading extension 'screenshots@mozilla.org': Reading manifest: Invalid extension permission: about:reader*
JavaScript error: https://storage.googleapis.com/workbox-cdn/releases/3.6.3/workbox-core.prod.js, line 1: Error: The open request was blocked and timed out
console.error: BroadcastService: 
  receivedBroadcastMessage: handler for
  remote-settings/monitor_changes
  threw error:
  Message: Error: Polling for changes failed: http://%(server)s/dummy/blocklist//buckets/monitor/collections/changes/records?_expected=%221567621920756%22 is not a valid URL..
  Stack:
    remoteSettingsFunction/remoteSettings.pollChanges@resource://services-settings/remote-settings.js:201:13

1567674054750	Marionette	INFO	Stopped listening on port 34857
1567674059085	Marionette	INFO	Listening on port 36481
1567674059184	Marionette	WARN	TLS certificate errors will be ignored for this session
[Parent 20035, Gecko_IOThread] WARNING: pipe error (79): Connection reset by peer: file /build/firefox-qCOyDf/firefox-68.0.2+build1/ipc/chromium/src/chrome/common/ipc_channel_posix.cc, line 358
[Parent 20035, Gecko_IOThread] WARNING: pipe error (93): Connection reset by peer: file /build/firefox-qCOyDf/firefox-68.0.2+build1/ipc/chromium/src/chrome/common/ipc_channel_posix.cc, line 358
1567674063937	Marionette	INFO	Stopped listening on port 38221
[Parent 20497, Gecko_IOThread] WARNING: pipe error (78): Connection reset by peer: file /build/firefox-qCOyDf/firefox-68.0.2+build1/ipc/chromium/src/chrome/common/ipc_channel_posix.cc, line 358
[Parent 20497, Gecko_IOThread] WARNING: pipe error (84): Connection reset by peer: file /build/firefox-qCOyDf/firefox-68.0.2+build1/ipc/chromium/src/chrome/common/ipc_channel_posix.cc, line 358
[Parent 20497, Gecko_IOThread] WARNING: pipe error (118): Connection reset by peer: file /build/firefox-qCOyDf/firefox-68.0.2+build1/ipc/chromium/src/chrome/common/ipc_channel_posix.cc, line 358
1567674171765	Marionette	INFO	Stopped listening on port 36481
[Parent 20291, Gecko_IOThread] WARNING: pipe error (75): Connection reset by peer: file /build/firefox-qCOyDf/firefox-68.0.2+build1/ipc/chromium/src/chrome/common/ipc_channel_posix.cc, line 358
[Parent 19417, Gecko_IOThread] WARNING: pipe error (66): Connection reset by peer: file /build/firefox-qCOyDf/firefox-68.0.2+build1/ipc/chromium/src/chrome/common/ipc_channel_posix.cc, line 358
[Parent 18440, Gecko_IOThread] WARNING: pipe error (129): Connection reset by peer: file /build/firefox-qCOyDf/firefox-68.0.2+build1/ipc/chromium/src/chrome/common/ipc_channel_posix.cc, line 358
[Parent 18861, Gecko_IOThread] WARNING: pipe error (121): Connection reset by peer: file /build/firefox-qCOyDf/firefox-68.0.2+build1/ipc/chromium/src/chrome/common/ipc_channel_posix.cc, line 358
[Parent 13730, Gecko_IOThread] WARNING: pipe error (57): Connection reset by peer: file /build/firefox-qCOyDf/firefox-68.0.2+build1/ipc/chromium/src/chrome/common/ipc_channel_posix.cc, line 358
Exiting due to channel error.
[Child 19914, Chrome_ChildThread] WARNING: pipe error (36): Connection reset by peer: file /build/firefox-qCOyDf/firefox-68.0.2+build1/ipc/chromium/src/chrome/common/ipc_channel_posix.cc, line 358
Exiting due to channel error.
Exiting due to channel error.
Exiting due to channel error.
Exiting due to channel error.
[Child 17355, Chrome_ChildThread] WARNING: pipe error (36): Connection reset by peer: file /build/firefox-qCOyDf/firefox-68.0.2+build1/ipc/chromium/src/chrome/common/ipc_channel_posix.cc, line 358
[Child 17355, Chrome_ChildThread] WARNING: pipe error (3): Connection reset by peer: file /build/firefox-qCOyDf/firefox-68.0.2+build1/ipc/chromium/src/chrome/common/ipc_channel_posix.cc, line 358
Exiting due to channel error.
1567736983436	mozrunner::runner	INFO	Running command: "/usr/bin/firefox" "-marionette" "--incognito" "--disable-extensions" "--disable-gpu" "--disable-infobars" "--disable-web-security" "--no-sandbox" "-foreground" "-no-remote" "-profile" "/tmp/rust_mozprofile.OrGhpRCS8o8L"
1567736984693	addons.webextension.screenshots@mozilla.org	WARN	Loading extension 'screenshots@mozilla.org': Reading manifest: Invalid extension permission: mozillaAddons
1567736984694	addons.webextension.screenshots@mozilla.org	WARN	Loading extension 'screenshots@mozilla.org': Reading manifest: Invalid extension permission: telemetry
1567736984694	addons.webextension.screenshots@mozilla.org	WARN	Loading extension 'screenshots@mozilla.org': Reading manifest: Invalid extension permission: resource://pdf.js/
1567736984694	addons.webextension.screenshots@mozilla.org	WARN	Loading extension 'screenshots@mozilla.org': Reading manifest: Invalid extension permission: about:reader*
1567736988399	Marionette	INFO	Listening on port 44877
1567736988481	Marionette	WARN	TLS certificate errors will be ignored for this session
console.error: BroadcastService: 
  receivedBroadcastMessage: handler for
  remote-settings/monitor_changes
  threw error:
  Message: Error: Polling for changes failed: http://%(server)s/dummy/blocklist//buckets/monitor/collections/changes/records?_expected=%221567711579212%22 is not a valid URL..
  Stack:
    remoteSettingsFunction/remoteSettings.pollChanges@resource://services-settings/remote-settings.js:201:13

1567737171138	mozrunner::runner	INFO	Running command: "/usr/bin/firefox" "-marionette" "--incognito" "--disable-extensions" "--disable-gpu" "--disable-infobars" "--disable-web-security" "--no-sandbox" "-foreground" "-no-remote" "-profile" "/tmp/rust_mozprofile.sxTfYX2B7Uc3"
1567737171775	addons.webextension.screenshots@mozilla.org	WARN	Loading extension 'screenshots@mozilla.org': Reading manifest: Invalid extension permission: mozillaAddons
1567737171775	addons.webextension.screenshots@mozilla.org	WARN	Loading extension 'screenshots@mozilla.org': Reading manifest: Invalid extension permission: telemetry
1567737171775	addons.webextension.screenshots@mozilla.org	WARN	Loading extension 'screenshots@mozilla.org': Reading manifest: Invalid extension permission: resource://pdf.js/
1567737171776	addons.webextension.screenshots@mozilla.org	WARN	Loading extension 'screenshots@mozilla.org': Reading manifest: Invalid extension permission: about:reader*
1567737174231	Marionette	INFO	Listening on port 32843
1567737174251	Marionette	WARN	TLS certificate errors will be ignored for this session
1567737192404	Marionette	INFO	Stopped listening on port 32843
[Parent 3451, Gecko_IOThread] WARNING: pipe error (185): Connection reset by peer: file /build/firefox-qCOyDf/firefox-68.0.2+build1/ipc/chromium/src/chrome/common/ipc_channel_posix.cc, line 358
[Parent 3451, Gecko_IOThread] WARNING: pipe error (120): Connection reset by peer: file /build/firefox-qCOyDf/firefox-68.0.2+build1/ipc/chromium/src/chrome/common/ipc_channel_posix.cc, line 358
[Child 3252, Chrome_ChildThread] WARNING: pipe error: Broken pipe: file /build/firefox-qCOyDf/firefox-68.0.2+build1/ipc/chromium/src/chrome/common/ipc_channel_posix.cc, line 727
[Child 3252, Chrome_ChildThread] WARNING: pipe error: Broken pipe: file /build/firefox-qCOyDf/firefox-68.0.2+build1/ipc/chromium/src/chrome/common/ipc_channel_posix.cc, line 727
[Child 3252, Chrome_ChildThread] WARNING: pipe error: Broken pipe: file /build/firefox-qCOyDf/firefox-68.0.2+build1/ipc/chromium/src/chrome/common/ipc_channel_posix.cc, line 727
[Parent 3135, Gecko_IOThread] WARNING: pipe error (79): Connection reset by peer: file /build/firefox-qCOyDf/firefox-68.0.2+build1/ipc/chromium/src/chrome/common/ipc_channel_posix.cc, line 358
[Parent 3135, Gecko_IOThread] WARNING: pipe error (93): Connection reset by peer: file /build/firefox-qCOyDf/firefox-68.0.2+build1/ipc/chromium/src/chrome/common/ipc_channel_posix.cc, line 358
1567737258281	Marionette	INFO	Stopped listening on port 44877
1567737281647	mozrunner::runner	INFO	Running command: "/usr/bin/firefox" "-marionette" "--incognito" "--disable-extensions" "--disable-gpu" "--disable-infobars" "--disable-web-security" "--no-sandbox" "-foreground" "-no-remote" "-profile" "/tmp/rust_mozprofile.NbR0Aky2QqQD"
1567737282325	addons.webextension.screenshots@mozilla.org	WARN	Loading extension 'screenshots@mozilla.org': Reading manifest: Invalid extension permission: mozillaAddons
1567737282325	addons.webextension.screenshots@mozilla.org	WARN	Loading extension 'screenshots@mozilla.org': Reading manifest: Invalid extension permission: telemetry
1567737282325	addons.webextension.screenshots@mozilla.org	WARN	Loading extension 'screenshots@mozilla.org': Reading manifest: Invalid extension permission: resource://pdf.js/
1567737282325	addons.webextension.screenshots@mozilla.org	WARN	Loading extension 'screenshots@mozilla.org': Reading manifest: Invalid extension permission: about:reader*
1567737284772	Marionette	INFO	Listening on port 43133
1567737284873	Marionette	WARN	TLS certificate errors will be ignored for this session
1567737299622	Marionette	INFO	Stopped listening on port 43133
1567738423778	mozrunner::runner	INFO	Running command: "/usr/bin/firefox" "-marionette" "-headless" "--incognito" "--disable-extensions" "--disable-gpu" "--disable-infobars" "--disable-web-security" "--no-sandbox" "-foreground" "-no-remote" "-profile" "/tmp/rust_mozprofile.eD3j2NCeV1E9"
*** You are running in headless mode.
1567738424400	addons.webextension.screenshots@mozilla.org	WARN	Loading extension 'screenshots@mozilla.org': Reading manifest: Invalid extension permission: mozillaAddons
1567738424400	addons.webextension.screenshots@mozilla.org	WARN	Loading extension 'screenshots@mozilla.org': Reading manifest: Invalid extension permission: telemetry
1567738424400	addons.webextension.screenshots@mozilla.org	WARN	Loading extension 'screenshots@mozilla.org': Reading manifest: Invalid extension permission: resource://pdf.js/
1567738424400	addons.webextension.screenshots@mozilla.org	WARN	Loading extension 'screenshots@mozilla.org': Reading manifest: Invalid extension permission: about:reader*
1567738426913	Marionette	INFO	Listening on port 38707
1567738426997	Marionette	WARN	TLS certificate errors will be ignored for this session
console.error: BroadcastService: 
  receivedBroadcastMessage: handler for
  remote-settings/monitor_changes
  threw error:
  Message: Error: Polling for changes failed: http://%(server)s/dummy/blocklist//buckets/monitor/collections/changes/records?_expected=%221567711579212%22 is not a valid URL..
  Stack:
    remoteSettingsFunction/remoteSettings.pollChanges@resource://services-settings/remote-settings.js:201:13

1567738526060	mozrunner::runner	INFO	Running command: "/usr/bin/firefox" "-marionette" "-headless" "--incognito" "--disable-extensions" "--disable-gpu" "--disable-infobars" "--disable-web-security" "--no-sandbox" "-foreground" "-no-remote" "-profile" "/tmp/rust_mozprofile.Z0OGfrfiOlNc"
*** You are running in headless mode.
1567738526634	addons.webextension.screenshots@mozilla.org	WARN	Loading extension 'screenshots@mozilla.org': Reading manifest: Invalid extension permission: mozillaAddons
1567738526634	addons.webextension.screenshots@mozilla.org	WARN	Loading extension 'screenshots@mozilla.org': Reading manifest: Invalid extension permission: telemetry
1567738526634	addons.webextension.screenshots@mozilla.org	WARN	Loading extension 'screenshots@mozilla.org': Reading manifest: Invalid extension permission: resource://pdf.js/
1567738526635	addons.webextension.screenshots@mozilla.org	WARN	Loading extension 'screenshots@mozilla.org': Reading manifest: Invalid extension permission: about:reader*
1567738529097	Marionette	INFO	Listening on port 44101
1567738529176	Marionette	WARN	TLS certificate errors will be ignored for this session
console.error: BroadcastService: 
  receivedBroadcastMessage: handler for
  remote-settings/monitor_changes
  threw error:
  Message: Error: Polling for changes failed: http://%(server)s/dummy/blocklist//buckets/monitor/collections/changes/records?_expected=%221567711579212%22 is not a valid URL..
  Stack:
    remoteSettingsFunction/remoteSettings.pollChanges@resource://services-settings/remote-settings.js:201:13

1567738695057	mozrunner::runner	INFO	Running command: "/usr/bin/firefox" "-marionette" "-headless" "--incognito" "--disable-extensions" "--disable-gpu" "--disable-infobars" "--disable-web-security" "--no-sandbox" "-foreground" "-no-remote" "-profile" "/tmp/rust_mozprofile.ecM92wHMKAXg"
*** You are running in headless mode.
1567738695734	addons.webextension.screenshots@mozilla.org	WARN	Loading extension 'screenshots@mozilla.org': Reading manifest: Invalid extension permission: mozillaAddons
1567738695734	addons.webextension.screenshots@mozilla.org	WARN	Loading extension 'screenshots@mozilla.org': Reading manifest: Invalid extension permission: telemetry
1567738695735	addons.webextension.screenshots@mozilla.org	WARN	Loading extension 'screenshots@mozilla.org': Reading manifest: Invalid extension permission: resource://pdf.js/
1567738695735	addons.webextension.screenshots@mozilla.org	WARN	Loading extension 'screenshots@mozilla.org': Reading manifest: Invalid extension permission: about:reader*
1567738698224	Marionette	INFO	Listening on port 46785
1567738698273	Marionette	WARN	TLS certificate errors will be ignored for this session
console.error: BroadcastService: 
  receivedBroadcastMessage: handler for
  remote-settings/monitor_changes
  threw error:
  Message: Error: Polling for changes failed: http://%(server)s/dummy/blocklist//buckets/monitor/collections/changes/records?_expected=%221567711579212%22 is not a valid URL..
  Stack:
    remoteSettingsFunction/remoteSettings.pollChanges@resource://services-settings/remote-settings.js:201:13

1567738787857	mozrunner::runner	INFO	Running command: "/usr/bin/firefox" "-marionette" "-headless" "--incognito" "--disable-extensions" "--disable-gpu" "--disable-infobars" "--disable-web-security" "--no-sandbox" "-foreground" "-no-remote" "-profile" "/tmp/rust_mozprofile.0EDyEDTRmN5r"
*** You are running in headless mode.
1567738788505	addons.webextension.screenshots@mozilla.org	WARN	Loading extension 'screenshots@mozilla.org': Reading manifest: Invalid extension permission: mozillaAddons
1567738788505	addons.webextension.screenshots@mozilla.org	WARN	Loading extension 'screenshots@mozilla.org': Reading manifest: Invalid extension permission: telemetry
1567738788505	addons.webextension.screenshots@mozilla.org	WARN	Loading extension 'screenshots@mozilla.org': Reading manifest: Invalid extension permission: resource://pdf.js/
1567738788506	addons.webextension.screenshots@mozilla.org	WARN	Loading extension 'screenshots@mozilla.org': Reading manifest: Invalid extension permission: about:reader*
1567738791138	Marionette	INFO	Listening on port 43561
1567738791170	Marionette	WARN	TLS certificate errors will be ignored for this session
console.error: BroadcastService: 
  receivedBroadcastMessage: handler for
  remote-settings/monitor_changes
  threw error:
  Message: Error: Polling for changes failed: http://%(server)s/dummy/blocklist//buckets/monitor/collections/changes/records?_expected=%221567711579212%22 is not a valid URL..
  Stack:
    remoteSettingsFunction/remoteSettings.pollChanges@resource://services-settings/remote-settings.js:201:13

1567738963371	mozrunner::runner	INFO	Running command: "/usr/bin/firefox" "-marionette" "-headless" "--incognito" "--disable-extensions" "--disable-gpu" "--disable-infobars" "--disable-web-security" "--no-sandbox" "-foreground" "-no-remote" "-profile" "/tmp/rust_mozprofile.aib27Ycdo2dn"
*** You are running in headless mode.
1567738963996	addons.webextension.screenshots@mozilla.org	WARN	Loading extension 'screenshots@mozilla.org': Reading manifest: Invalid extension permission: mozillaAddons
1567738963996	addons.webextension.screenshots@mozilla.org	WARN	Loading extension 'screenshots@mozilla.org': Reading manifest: Invalid extension permission: telemetry
1567738963996	addons.webextension.screenshots@mozilla.org	WARN	Loading extension 'screenshots@mozilla.org': Reading manifest: Invalid extension permission: resource://pdf.js/
1567738963996	addons.webextension.screenshots@mozilla.org	WARN	Loading extension 'screenshots@mozilla.org': Reading manifest: Invalid extension permission: about:reader*
1567738966491	Marionette	INFO	Listening on port 46353
1567738966585	Marionette	WARN	TLS certificate errors will be ignored for this session
1567738979168	Marionette	WARN	TimedPromise timed out after 500 ms: stacktrace:
bail@chrome://marionette/content/sync.js:223:64
console.error: BroadcastService: 
  receivedBroadcastMessage: handler for
  remote-settings/monitor_changes
  threw error:
  Message: Error: Polling for changes failed: http://%(server)s/dummy/blocklist//buckets/monitor/collections/changes/records?_expected=%221567711579212%22 is not a valid URL..
  Stack:
    remoteSettingsFunction/remoteSettings.pollChanges@resource://services-settings/remote-settings.js:201:13

1567739042676	mozrunner::runner	INFO	Running command: "/usr/bin/firefox" "-marionette" "-headless" "--incognito" "--disable-extensions" "--disable-gpu" "--disable-infobars" "--disable-web-security" "--no-sandbox" "-foreground" "-no-remote" "-profile" "/tmp/rust_mozprofile.Ky3ZscueM9AM"
*** You are running in headless mode.
1567739043296	addons.webextension.screenshots@mozilla.org	WARN	Loading extension 'screenshots@mozilla.org': Reading manifest: Invalid extension permission: mozillaAddons
1567739043296	addons.webextension.screenshots@mozilla.org	WARN	Loading extension 'screenshots@mozilla.org': Reading manifest: Invalid extension permission: telemetry
1567739043297	addons.webextension.screenshots@mozilla.org	WARN	Loading extension 'screenshots@mozilla.org': Reading manifest: Invalid extension permission: resource://pdf.js/
1567739043297	addons.webextension.screenshots@mozilla.org	WARN	Loading extension 'screenshots@mozilla.org': Reading manifest: Invalid extension permission: about:reader*
1567739046192	Marionette	INFO	Listening on port 41231
1567739046312	Marionette	WARN	TLS certificate errors will be ignored for this session
console.error: BroadcastService: 
  receivedBroadcastMessage: handler for
  remote-settings/monitor_changes
  threw error:
  Message: Error: Polling for changes failed: http://%(server)s/dummy/blocklist//buckets/monitor/collections/changes/records?_expected=%221567711579212%22 is not a valid URL..
  Stack:
    remoteSettingsFunction/remoteSettings.pollChanges@resource://services-settings/remote-settings.js:201:13

1567739149156	mozrunner::runner	INFO	Running command: "/usr/bin/firefox" "-marionette" "-headless" "--incognito" "--disable-extensions" "--disable-gpu" "--disable-infobars" "--disable-web-security" "--no-sandbox" "-foreground" "-no-remote" "-profile" "/tmp/rust_mozprofile.TV7VLLNHeAGG"
*** You are running in headless mode.
1567739149853	addons.webextension.screenshots@mozilla.org	WARN	Loading extension 'screenshots@mozilla.org': Reading manifest: Invalid extension permission: mozillaAddons
1567739149853	addons.webextension.screenshots@mozilla.org	WARN	Loading extension 'screenshots@mozilla.org': Reading manifest: Invalid extension permission: telemetry
1567739149854	addons.webextension.screenshots@mozilla.org	WARN	Loading extension 'screenshots@mozilla.org': Reading manifest: Invalid extension permission: resource://pdf.js/
1567739149854	addons.webextension.screenshots@mozilla.org	WARN	Loading extension 'screenshots@mozilla.org': Reading manifest: Invalid extension permission: about:reader*
1567739152671	Marionette	INFO	Listening on port 42759
1567739152682	Marionette	WARN	TLS certificate errors will be ignored for this session
1567739165610	Marionette	WARN	TimedPromise timed out after 500 ms: stacktrace:
bail@chrome://marionette/content/sync.js:223:64
console.error: BroadcastService: 
  receivedBroadcastMessage: handler for
  remote-settings/monitor_changes
  threw error:
  Message: Error: Polling for changes failed: http://%(server)s/dummy/blocklist//buckets/monitor/collections/changes/records?_expected=%221567711579212%22 is not a valid URL..
  Stack:
    remoteSettingsFunction/remoteSettings.pollChanges@resource://services-settings/remote-settings.js:201:13

1567739200670	mozrunner::runner	INFO	Running command: "/usr/bin/firefox" "-marionette" "-headless" "-foreground" "-no-remote" "-profile" "/tmp/rust_mozprofile.r9HLVk74QGcW"
*** You are running in headless mode.
1567739201392	addons.webextension.screenshots@mozilla.org	WARN	Loading extension 'screenshots@mozilla.org': Reading manifest: Invalid extension permission: mozillaAddons
1567739201392	addons.webextension.screenshots@mozilla.org	WARN	Loading extension 'screenshots@mozilla.org': Reading manifest: Invalid extension permission: telemetry
1567739201392	addons.webextension.screenshots@mozilla.org	WARN	Loading extension 'screenshots@mozilla.org': Reading manifest: Invalid extension permission: resource://pdf.js/
1567739201392	addons.webextension.screenshots@mozilla.org	WARN	Loading extension 'screenshots@mozilla.org': Reading manifest: Invalid extension permission: about:reader*
1567739204691	Marionette	INFO	Listening on port 41029
1567739204784	Marionette	WARN	TLS certificate errors will be ignored for this session
1567739222924	Marionette	WARN	TimedPromise timed out after 500 ms: stacktrace:
bail@chrome://marionette/content/sync.js:223:64
console.error: BroadcastService: 
  receivedBroadcastMessage: handler for
  remote-settings/monitor_changes
  threw error:
  Message: Error: Polling for changes failed: http://%(server)s/dummy/blocklist//buckets/monitor/collections/changes/records?_expected=%221567711579212%22 is not a valid URL..
  Stack:
    remoteSettingsFunction/remoteSettings.pollChanges@resource://services-settings/remote-settings.js:201:13

1567739610517	mozrunner::runner	INFO	Running command: "/usr/bin/firefox" "-marionette" "-headless" "-foreground" "-no-remote" "-profile" "/tmp/rust_mozprofile.FRotFgMa9IDR"
*** You are running in headless mode.
1567739611273	addons.webextension.screenshots@mozilla.org	WARN	Loading extension 'screenshots@mozilla.org': Reading manifest: Invalid extension permission: mozillaAddons
1567739611274	addons.webextension.screenshots@mozilla.org	WARN	Loading extension 'screenshots@mozilla.org': Reading manifest: Invalid extension permission: telemetry
1567739611274	addons.webextension.screenshots@mozilla.org	WARN	Loading extension 'screenshots@mozilla.org': Reading manifest: Invalid extension permission: resource://pdf.js/
1567739611276	addons.webextension.screenshots@mozilla.org	WARN	Loading extension 'screenshots@mozilla.org': Reading manifest: Invalid extension permission: about:reader*
1567739614395	Marionette	INFO	Listening on port 42749
1567739614444	Marionette	WARN	TLS certificate errors will be ignored for this session
1567739624648	Marionette	WARN	TimedPromise timed out after 500 ms: stacktrace:
bail@chrome://marionette/content/sync.js:223:64
console.error: BroadcastService: 
  receivedBroadcastMessage: handler for
  remote-settings/monitor_changes
  threw error:
  Message: Error: Polling for changes failed: http://%(server)s/dummy/blocklist//buckets/monitor/collections/changes/records?_expected=%221567711579212%22 is not a valid URL..
  Stack:
    remoteSettingsFunction/remoteSettings.pollChanges@resource://services-settings/remote-settings.js:201:13

Exiting due to channel error.
Exiting due to channel error.
Exiting due to channel error.
1567740378276	mozrunner::runner	INFO	Running command: "/usr/bin/firefox" "-marionette" "-headless" "-foreground" "-no-remote" "-profile" "/tmp/rust_mozprofile.PCZxh1lhpVDX"
*** You are running in headless mode.
1567740379571	addons.webextension.screenshots@mozilla.org	WARN	Loading extension 'screenshots@mozilla.org': Reading manifest: Invalid extension permission: mozillaAddons
1567740379572	addons.webextension.screenshots@mozilla.org	WARN	Loading extension 'screenshots@mozilla.org': Reading manifest: Invalid extension permission: telemetry
1567740379572	addons.webextension.screenshots@mozilla.org	WARN	Loading extension 'screenshots@mozilla.org': Reading manifest: Invalid extension permission: resource://pdf.js/
1567740379573	addons.webextension.screenshots@mozilla.org	WARN	Loading extension 'screenshots@mozilla.org': Reading manifest: Invalid extension permission: about:reader*
1567740382974	Marionette	INFO	Listening on port 34911
1567740383003	Marionette	WARN	TLS certificate errors will be ignored for this session
1567740394890	Marionette	WARN	TimedPromise timed out after 500 ms: stacktrace:
bail@chrome://marionette/content/sync.js:223:64
console.error: BroadcastService: 
  receivedBroadcastMessage: handler for
  remote-settings/monitor_changes
  threw error:
  Message: Error: Polling for changes failed: http://%(server)s/dummy/blocklist//buckets/monitor/collections/changes/records?_expected=%221567711579212%22 is not a valid URL..
  Stack:
    remoteSettingsFunction/remoteSettings.pollChanges@resource://services-settings/remote-settings.js:201:13

1567741626058	mozrunner::runner	INFO	Running command: "/usr/bin/firefox" "-marionette" "-headless" "-foreground" "-no-remote" "-profile" "/tmp/rust_mozprofile.VqOijaaH0fMI"
*** You are running in headless mode.
1567741626888	addons.webextension.screenshots@mozilla.org	WARN	Loading extension 'screenshots@mozilla.org': Reading manifest: Invalid extension permission: mozillaAddons
1567741626888	addons.webextension.screenshots@mozilla.org	WARN	Loading extension 'screenshots@mozilla.org': Reading manifest: Invalid extension permission: telemetry
1567741626888	addons.webextension.screenshots@mozilla.org	WARN	Loading extension 'screenshots@mozilla.org': Reading manifest: Invalid extension permission: resource://pdf.js/
1567741626888	addons.webextension.screenshots@mozilla.org	WARN	Loading extension 'screenshots@mozilla.org': Reading manifest: Invalid extension permission: about:reader*
1567741630211	Marionette	INFO	Listening on port 45597
1567741630276	Marionette	WARN	TLS certificate errors will be ignored for this session
1567741643446	Marionette	WARN	TimedPromise timed out after 500 ms: stacktrace:
bail@chrome://marionette/content/sync.js:223:64
console.error: BroadcastService: 
  receivedBroadcastMessage: handler for
  remote-settings/monitor_changes
  threw error:
  Message: Error: Polling for changes failed: http://%(server)s/dummy/blocklist//buckets/monitor/collections/changes/records?_expected=%221567711579212%22 is not a valid URL..
  Stack:
    remoteSettingsFunction/remoteSettings.pollChanges@resource://services-settings/remote-settings.js:201:13

Exiting due to channel error.
Exiting due to channel error.
Exiting due to channel error.
1567741816940	mozrunner::runner	INFO	Running command: "/usr/bin/firefox" "-marionette" "-headless" "-foreground" "-no-remote" "-profile" "/tmp/rust_mozprofile.fY3USnQMD3uh"
*** You are running in headless mode.
1567741817822	addons.webextension.screenshots@mozilla.org	WARN	Loading extension 'screenshots@mozilla.org': Reading manifest: Invalid extension permission: mozillaAddons
1567741817823	addons.webextension.screenshots@mozilla.org	WARN	Loading extension 'screenshots@mozilla.org': Reading manifest: Invalid extension permission: telemetry
1567741817823	addons.webextension.screenshots@mozilla.org	WARN	Loading extension 'screenshots@mozilla.org': Reading manifest: Invalid extension permission: resource://pdf.js/
1567741817823	addons.webextension.screenshots@mozilla.org	WARN	Loading extension 'screenshots@mozilla.org': Reading manifest: Invalid extension permission: about:reader*
1567741821030	Marionette	INFO	Listening on port 41957
1567741821055	Marionette	WARN	TLS certificate errors will be ignored for this session
console.error: BroadcastService: 
  receivedBroadcastMessage: handler for
  remote-settings/monitor_changes
  threw error:
  Message: Error: Polling for changes failed: http://%(server)s/dummy/blocklist//buckets/monitor/collections/changes/records?_expected=%221567711579212%22 is not a valid URL..
  Stack:
    remoteSettingsFunction/remoteSettings.pollChanges@resource://services-settings/remote-settings.js:201:13

1567742182173	mozrunner::runner	INFO	Running command: "/usr/bin/firefox" "-marionette" "-headless" "-foreground" "-no-remote" "-profile" "/tmp/rust_mozprofile.ZklLRIx16eNp"
*** You are running in headless mode.
1567742184277	addons.webextension.screenshots@mozilla.org	WARN	Loading extension 'screenshots@mozilla.org': Reading manifest: Invalid extension permission: mozillaAddons
1567742184277	addons.webextension.screenshots@mozilla.org	WARN	Loading extension 'screenshots@mozilla.org': Reading manifest: Invalid extension permission: telemetry
1567742184277	addons.webextension.screenshots@mozilla.org	WARN	Loading extension 'screenshots@mozilla.org': Reading manifest: Invalid extension permission: resource://pdf.js/
1567742184277	addons.webextension.screenshots@mozilla.org	WARN	Loading extension 'screenshots@mozilla.org': Reading manifest: Invalid extension permission: about:reader*
1567742187736	Marionette	INFO	Listening on port 39921
1567742187805	Marionette	WARN	TLS certificate errors will be ignored for this session
console.error: BroadcastService: 
  receivedBroadcastMessage: handler for
  remote-settings/monitor_changes
  threw error:
  Message: Error: Polling for changes failed: http://%(server)s/dummy/blocklist//buckets/monitor/collections/changes/records?_expected=%221567711579212%22 is not a valid URL..
  Stack:
    remoteSettingsFunction/remoteSettings.pollChanges@resource://services-settings/remote-settings.js:201:13

[GFX1-]: Receive IPC close with reason=AbnormalShutdown
Exiting due to channel error.
[Child 8628, Chrome_ChildThread] WARNING: pipe error (3): Connection reset by peer: file /build/firefox-qCOyDf/firefox-68.0.2+build1/ipc/chromium/src/chrome/common/ipc_channel_posix.cc, line 358
Exiting due to channel error.
[GFX1-]: Receive IPC close with reason=AbnormalShutdown
Exiting due to channel error.
Exiting due to channel error.
Exiting due to channel error.
Exiting due to channel error.
[Child 5038, Chrome_ChildThread] WARNING: pipe error (3): Connection reset by peer: file /build/firefox-qCOyDf/firefox-68.0.2+build1/ipc/chromium/src/chrome/common/ipc_channel_posix.cc, line 358
[GFX1-]: Receive IPC close with reason=AbnormalShutdown
Exiting due to channel error.
Exiting due to channel error.
Exiting due to channel error.
Exiting due to channel error.
Exiting due to channel error.
Exiting due to channel error.
Exiting due to channel error.
Exiting due to channel error.
Exiting due to channel error.
Exiting due to channel error.
Exiting due to channel error.
Exiting due to channel error.
Exiting due to channel error.
Exiting due to channel error.
Exiting due to channel error.
Exiting due to channel error.
Exiting due to channel error.
[Child 5805, Chrome_ChildThread] WARNING: pipe error (3): Connection reset by peer: file /build/firefox-qCOyDf/firefox-68.0.2+build1/ipc/chromium/src/chrome/common/ipc_channel_posix.cc, line 358
Exiting due to channel error.
[GFX1-]: Receive IPC close with reason=AbnormalShutdown
Exiting due to channel error.
Exiting due to channel error.
Exiting due to channel error.
[Child 5415, Chrome_ChildThread] WARNING: pipe error (3): Connection reset by peer: file /build/firefox-qCOyDf/firefox-68.0.2+build1/ipc/chromium/src/chrome/common/ipc_channel_posix.cc, line 358
Exiting due to channel error.
Exiting due to channel error.
[GFX1-]: Receive IPC close with reason=AbnormalShutdown
Exiting due to channel error.
Exiting due to channel error.
Exiting due to channel error.
[GFX1-]: Receive IPC close with reason=AbnormalShutdown
[Child 4352, Chrome_ChildThread] WARNING: pipe error (3): Connection reset by peer: file /build/firefox-qCOyDf/firefox-68.0.2+build1/ipc/chromium/src/chrome/common/ipc_channel_posix.cc, line 358
Exiting due to channel error.
1567750584271	mozrunner::runner	INFO	Running command: "/usr/bin/firefox" "-marionette" "-headless" "-foreground" "-no-remote" "-profile" "/tmp/rust_mozprofile.CkUzAh5v5ivu"
*** You are running in headless mode.
1567750585627	addons.webextension.screenshots@mozilla.org	WARN	Loading extension 'screenshots@mozilla.org': Reading manifest: Invalid extension permission: mozillaAddons
1567750585627	addons.webextension.screenshots@mozilla.org	WARN	Loading extension 'screenshots@mozilla.org': Reading manifest: Invalid extension permission: telemetry
1567750585627	addons.webextension.screenshots@mozilla.org	WARN	Loading extension 'screenshots@mozilla.org': Reading manifest: Invalid extension permission: resource://pdf.js/
1567750585628	addons.webextension.screenshots@mozilla.org	WARN	Loading extension 'screenshots@mozilla.org': Reading manifest: Invalid extension permission: about:reader*
1567750589563	Marionette	INFO	Listening on port 41431
1567750589621	Marionette	WARN	TLS certificate errors will be ignored for this session
console.error: BroadcastService: 
  receivedBroadcastMessage: handler for
  remote-settings/monitor_changes
  threw error:
  Message: Error: Polling for changes failed: http://%(server)s/dummy/blocklist//buckets/monitor/collections/changes/records?_expected=%221567711579212%22 is not a valid URL..
  Stack:
    remoteSettingsFunction/remoteSettings.pollChanges@resource://services-settings/remote-settings.js:201:13

JavaScript error: https://cdn.ampproject.org/rtv/011908231648370/amp4ads-v0.js, line 189: NS_ERROR_FAILURE: 
1567759778703	mozrunner::runner	INFO	Running command: "/usr/bin/firefox" "-marionette" "-headless" "-foreground" "-no-remote" "-profile" "/tmp/rust_mozprofile.1vEE6OTqyT9X"
*** You are running in headless mode.
1567759779295	addons.webextension.screenshots@mozilla.org	WARN	Loading extension 'screenshots@mozilla.org': Reading manifest: Invalid extension permission: mozillaAddons
1567759779296	addons.webextension.screenshots@mozilla.org	WARN	Loading extension 'screenshots@mozilla.org': Reading manifest: Invalid extension permission: telemetry
1567759779296	addons.webextension.screenshots@mozilla.org	WARN	Loading extension 'screenshots@mozilla.org': Reading manifest: Invalid extension permission: resource://pdf.js/
1567759779296	addons.webextension.screenshots@mozilla.org	WARN	Loading extension 'screenshots@mozilla.org': Reading manifest: Invalid extension permission: about:reader*
1567759781704	Marionette	INFO	Listening on port 45949
1567759781745	Marionette	WARN	TLS certificate errors will be ignored for this session
console.error: BroadcastService: 
  receivedBroadcastMessage: handler for
  remote-settings/monitor_changes
  threw error:
  Message: Error: Polling for changes failed: http://%(server)s/dummy/blocklist//buckets/monitor/collections/changes/records?_expected=%221567711579212%22 is not a valid URL..
  Stack:
    remoteSettingsFunction/remoteSettings.pollChanges@resource://services-settings/remote-settings.js:201:13

Exiting due to channel error.
Exiting due to channel error.
Exiting due to channel error.
1567760190007	mozrunner::runner	INFO	Running command: "/usr/bin/firefox" "-marionette" "-headless" "-foreground" "-no-remote" "-profile" "/tmp/rust_mozprofile.yz4yCR4bABqq"
*** You are running in headless mode.
1567760190593	addons.webextension.screenshots@mozilla.org	WARN	Loading extension 'screenshots@mozilla.org': Reading manifest: Invalid extension permission: mozillaAddons
1567760190593	addons.webextension.screenshots@mozilla.org	WARN	Loading extension 'screenshots@mozilla.org': Reading manifest: Invalid extension permission: telemetry
1567760190593	addons.webextension.screenshots@mozilla.org	WARN	Loading extension 'screenshots@mozilla.org': Reading manifest: Invalid extension permission: resource://pdf.js/
1567760190593	addons.webextension.screenshots@mozilla.org	WARN	Loading extension 'screenshots@mozilla.org': Reading manifest: Invalid extension permission: about:reader*
1567760193065	Marionette	INFO	Listening on port 35731
1567760193119	Marionette	WARN	TLS certificate errors will be ignored for this session
console.error: BroadcastService: 
  receivedBroadcastMessage: handler for
  remote-settings/monitor_changes
  threw error:
  Message: Error: Polling for changes failed: http://%(server)s/dummy/blocklist//buckets/monitor/collections/changes/records?_expected=%221567711579212%22 is not a valid URL..
  Stack:
    remoteSettingsFunction/remoteSettings.pollChanges@resource://services-settings/remote-settings.js:201:13

[GFX1-]: Receive IPC close with reason=AbnormalShutdown
[GFX1-]: Receive IPC close with reason=AbnormalShutdown
[Child 28626, Chrome_ChildThread] WARNING: pipe error (3): Connection reset by peer: file /build/firefox-qCOyDf/firefox-68.0.2+build1/ipc/chromium/src/chrome/common/ipc_channel_posix.cc, line 358
Exiting due to channel error.
Exiting due to channel error.
Sandbox: Unexpected EOF, op 0 flags 00 path /usr/share/locale/en_US.UTF-8/LC_MESSAGES/libc.mo
[Child 28697, Chrome_ChildThread] WARNING: pipe error (3): Connection reset by peer: file /build/firefox-qCOyDf/firefox-68.0.2+build1/ipc/chromium/src/chrome/common/ipc_channel_posix.cc, line 358
Exiting due to channel error.
Exiting due to channel error.
Exiting due to channel error.
[GFX1-]: Receive IPC close with reason=AbnormalShutdown
[Child 2877, Chrome_ChildThread] WARNING: pipe error (3): Connection reset by peer: file /build/firefox-qCOyDf/firefox-68.0.2+build1/ipc/chromium/src/chrome/common/ipc_channel_posix.cc, line 358
Exiting due to channel error.
1567998707471	mozrunner::runner	INFO	Running command: "/usr/bin/firefox" "-marionette" "-headless" "-foreground" "-no-remote" "-profile" "/tmp/rust_mozprofile.amUydSfN5pDc"
*** You are running in headless mode.
1567998708164	addons.webextension.screenshots@mozilla.org	WARN	Loading extension 'screenshots@mozilla.org': Reading manifest: Invalid extension permission: mozillaAddons
1567998708164	addons.webextension.screenshots@mozilla.org	WARN	Loading extension 'screenshots@mozilla.org': Reading manifest: Invalid extension permission: telemetry
1567998708164	addons.webextension.screenshots@mozilla.org	WARN	Loading extension 'screenshots@mozilla.org': Reading manifest: Invalid extension permission: resource://pdf.js/
1567998708164	addons.webextension.screenshots@mozilla.org	WARN	Loading extension 'screenshots@mozilla.org': Reading manifest: Invalid extension permission: about:reader*
1567998710705	Marionette	INFO	Listening on port 37459
1567998710744	Marionette	WARN	TLS certificate errors will be ignored for this session
Exiting due to channel error.
Exiting due to channel error.
[GFX1-]: Receive IPC close with reason=AbnormalShutdown
[Child 6720, Chrome_ChildThread] WARNING: pipe error (3): Connection reset by peer: file /build/firefox-gS7uvX/firefox-69.0+build2/ipc/chromium/src/chrome/common/ipc_channel_posix.cc, line 358
Exiting due to channel error.
1567998829404	mozrunner::runner	INFO	Running command: "/usr/bin/firefox" "-marionette" "-headless" "-foreground" "-no-remote" "-profile" "/tmp/rust_mozprofile.G87vxFxGoxaJ"
*** You are running in headless mode.
1567998829990	addons.webextension.screenshots@mozilla.org	WARN	Loading extension 'screenshots@mozilla.org': Reading manifest: Invalid extension permission: mozillaAddons
1567998829990	addons.webextension.screenshots@mozilla.org	WARN	Loading extension 'screenshots@mozilla.org': Reading manifest: Invalid extension permission: telemetry
1567998829991	addons.webextension.screenshots@mozilla.org	WARN	Loading extension 'screenshots@mozilla.org': Reading manifest: Invalid extension permission: resource://pdf.js/
1567998829991	addons.webextension.screenshots@mozilla.org	WARN	Loading extension 'screenshots@mozilla.org': Reading manifest: Invalid extension permission: about:reader*
1567998832572	Marionette	INFO	Listening on port 39683
1567998832616	Marionette	WARN	TLS certificate errors will be ignored for this session
JavaScript error: https://googleads.g.doubleclick.net/pagead/ads?client=ca-pub-8042732529459510&output=html&h=90&slotname=9853366188&adk=2649533157&adf=1507960138&w=970&guci=2.2.0.0.2.2.0.0&format=970x90&url=https%3A%2F%2Fwww.olx.co.id%2Fbandung-kota_g4000018%2Fdisewakan-bangunan-komersil_c5156%2Fq-Gudang&ea=0&flash=0&wgl=1&adsid=NT&dt=1567998838894&bpp=13&bdt=M&fdt=289&idt=290&shv=r20190903&cbv=r20190131&saldr=aa&correlator=1559269860933&frm=23&ife=4&pv=2&ga_vid=406520785.1567998837&ga_sid=1567998839&ga_hid=701245517&ga_fc=0&icsg=682&nhd=1&dssz=12&mdo=0&mso=0&u_tz=420&u_his=2&u_java=0&u_h=768&u_w=1366&u_ah=768&u_aw=1366&u_cd=24&u_nplug=0&u_nmime=0&adx=193&ady=154&biw=1356&bih=694&isw=970&ish=90&ifk=4066253063&scr_x=0&scr_y=9409&eid=182982000%2C182982200&oid=3&rx=0&eae=2&fc=656&brdim=0%2C0%2C0%2C0%2C1366%2C0%2C1366%2C768%2C970%2C90&vis=1&rsz=%7C%7CeE%7C&abl=CS&pfx=0&fu=20&bc=29&ifi=1&uci=1.pl7yfj4411pl&dtd=317, line 1: ReferenceError: init_icr is not defined
JavaScript error: https://googleads.g.doubleclick.net/pagead/ads?client=ca-pub-8042732529459510&output=html&h=90&slotname=9853366188&adk=2649533157&adf=1507960138&w=970&guci=2.2.0.0.2.2.0.0&format=970x90&url=https%3A%2F%2Fwww.olx.co.id%2Fbandung-kota_g4000018%2Fdisewakan-bangunan-komersil_c5156%2Fq-Gudang&ea=0&flash=0&wgl=1&adsid=NT&dt=1567998838894&bpp=13&bdt=M&fdt=289&idt=290&shv=r20190903&cbv=r20190131&saldr=aa&correlator=1559269860933&frm=23&ife=4&pv=2&ga_vid=406520785.1567998837&ga_sid=1567998839&ga_hid=701245517&ga_fc=0&icsg=682&nhd=1&dssz=12&mdo=0&mso=0&u_tz=420&u_his=2&u_java=0&u_h=768&u_w=1366&u_ah=768&u_aw=1366&u_cd=24&u_nplug=0&u_nmime=0&adx=193&ady=154&biw=1356&bih=694&isw=970&ish=90&ifk=4066253063&scr_x=0&scr_y=9409&eid=182982000%2C182982200&oid=3&rx=0&eae=2&fc=656&brdim=0%2C0%2C0%2C0%2C1366%2C0%2C1366%2C768%2C970%2C90&vis=1&rsz=%7C%7CeE%7C&abl=CS&pfx=0&fu=20&bc=29&ifi=1&uci=1.pl7yfj4411pl&dtd=317, line 1: ReferenceError: vu is not defined
1567999187670	mozrunner::runner	INFO	Running command: "/usr/bin/firefox" "-marionette" "-headless" "-foreground" "-no-remote" "-profile" "/tmp/rust_mozprofile.St3BSUm5IeJn"
*** You are running in headless mode.
1567999188195	addons.webextension.screenshots@mozilla.org	WARN	Loading extension 'screenshots@mozilla.org': Reading manifest: Invalid extension permission: mozillaAddons
1567999188196	addons.webextension.screenshots@mozilla.org	WARN	Loading extension 'screenshots@mozilla.org': Reading manifest: Invalid extension permission: telemetry
1567999188196	addons.webextension.screenshots@mozilla.org	WARN	Loading extension 'screenshots@mozilla.org': Reading manifest: Invalid extension permission: resource://pdf.js/
1567999188196	addons.webextension.screenshots@mozilla.org	WARN	Loading extension 'screenshots@mozilla.org': Reading manifest: Invalid extension permission: about:reader*
1567999190780	Marionette	INFO	Listening on port 36773
1567999190891	Marionette	WARN	TLS certificate errors will be ignored for this session
1567999440965	mozrunner::runner	INFO	Running command: "/usr/bin/firefox" "-marionette" "-headless" "-foreground" "-no-remote" "-profile" "/tmp/rust_mozprofile.QxvEjbdkHLLD"
*** You are running in headless mode.
1567999441582	addons.webextension.screenshots@mozilla.org	WARN	Loading extension 'screenshots@mozilla.org': Reading manifest: Invalid extension permission: mozillaAddons
1567999441582	addons.webextension.screenshots@mozilla.org	WARN	Loading extension 'screenshots@mozilla.org': Reading manifest: Invalid extension permission: telemetry
1567999441582	addons.webextension.screenshots@mozilla.org	WARN	Loading extension 'screenshots@mozilla.org': Reading manifest: Invalid extension permission: resource://pdf.js/
1567999441582	addons.webextension.screenshots@mozilla.org	WARN	Loading extension 'screenshots@mozilla.org': Reading manifest: Invalid extension permission: about:reader*
1567999444139	Marionette	INFO	Listening on port 45811
1567999444185	Marionette	WARN	TLS certificate errors will be ignored for this session
JavaScript error: https://googleads.g.doubleclick.net/pagead/ads?client=ca-pub-8042732529459510&output=html&h=250&slotname=4823442927&adk=846695595&adf=1507960138&w=970&guci=2.2.0.0.2.2.0.0&format=970x250&url=https%3A%2F%2Fwww.olx.co.id%2Fitem%2Fcari-gudang-atau-garasi-iid-750319343&ea=0&flash=0&wgl=1&dt=1567999629546&bpp=9&bdt=M&fdt=190&idt=190&shv=r20190903&cbv=r20190131&saldr=aa&correlator=1146283300003&frm=23&ife=4&pv=2&ga_vid=54067801.1567999452&ga_sid=1567999630&ga_hid=2026333485&ga_fc=0&icsg=682&nhd=1&dssz=12&mdo=0&mso=0&u_tz=420&u_his=50&u_java=0&u_h=768&u_w=1366&u_ah=768&u_aw=1366&u_cd=24&u_nplug=0&u_nmime=0&adx=193&ady=166&biw=1356&bih=694&isw=970&ish=250&ifk=529900765&scr_x=0&scr_y=0&oid=3&rx=0&eae=2&fc=656&brdim=0%2C0%2C0%2C0%2C1366%2C0%2C1366%2C768%2C970%2C250&vis=1&rsz=%7C%7CeE%7C&abl=CS&pfx=0&fu=20&bc=29&ifi=1&uci=1.tuug294qakhp&dtd=204, line 1: ReferenceError: buildAttribution is not defined
1567999705772	mozrunner::runner	INFO	Running command: "/usr/bin/firefox" "-marionette" "-headless" "-foreground" "-no-remote" "-profile" "/tmp/rust_mozprofile.cWAMBhI4lIhN"
*** You are running in headless mode.
1567999706341	addons.webextension.screenshots@mozilla.org	WARN	Loading extension 'screenshots@mozilla.org': Reading manifest: Invalid extension permission: mozillaAddons
1567999706341	addons.webextension.screenshots@mozilla.org	WARN	Loading extension 'screenshots@mozilla.org': Reading manifest: Invalid extension permission: telemetry
1567999706342	addons.webextension.screenshots@mozilla.org	WARN	Loading extension 'screenshots@mozilla.org': Reading manifest: Invalid extension permission: resource://pdf.js/
1567999706342	addons.webextension.screenshots@mozilla.org	WARN	Loading extension 'screenshots@mozilla.org': Reading manifest: Invalid extension permission: about:reader*
1568001543609	mozrunner::runner	INFO	Running command: "/usr/bin/firefox" "-marionette" "-headless" "-foreground" "-no-remote" "-profile" "/tmp/rust_mozprofile.2saiO6Ko5KrY"
*** You are running in headless mode.
1568001544194	addons.webextension.screenshots@mozilla.org	WARN	Loading extension 'screenshots@mozilla.org': Reading manifest: Invalid extension permission: mozillaAddons
1568001544195	addons.webextension.screenshots@mozilla.org	WARN	Loading extension 'screenshots@mozilla.org': Reading manifest: Invalid extension permission: telemetry
1568001544195	addons.webextension.screenshots@mozilla.org	WARN	Loading extension 'screenshots@mozilla.org': Reading manifest: Invalid extension permission: resource://pdf.js/
1568001544195	addons.webextension.screenshots@mozilla.org	WARN	Loading extension 'screenshots@mozilla.org': Reading manifest: Invalid extension permission: about:reader*
1568001546717	Marionette	INFO	Listening on port 34987
1568001546731	Marionette	WARN	TLS certificate errors will be ignored for this session
JavaScript error: https://cdn.ampproject.org/rtv/011908231648370/amp4ads-v0.js, line 189: NS_ERROR_FAILURE: 
1568001934540	mozrunner::runner	INFO	Running command: "/usr/bin/firefox" "-marionette" "-headless" "-foreground" "-no-remote" "-profile" "/tmp/rust_mozprofile.klP2UN0TZMT9"
*** You are running in headless mode.
1568001935129	addons.webextension.screenshots@mozilla.org	WARN	Loading extension 'screenshots@mozilla.org': Reading manifest: Invalid extension permission: mozillaAddons
1568001935130	addons.webextension.screenshots@mozilla.org	WARN	Loading extension 'screenshots@mozilla.org': Reading manifest: Invalid extension permission: telemetry
1568001935130	addons.webextension.screenshots@mozilla.org	WARN	Loading extension 'screenshots@mozilla.org': Reading manifest: Invalid extension permission: resource://pdf.js/
1568001935130	addons.webextension.screenshots@mozilla.org	WARN	Loading extension 'screenshots@mozilla.org': Reading manifest: Invalid extension permission: about:reader*
1568001937654	Marionette	INFO	Listening on port 35971
1568001937766	Marionette	WARN	TLS certificate errors will be ignored for this session
1568001995416	mozrunner::runner	INFO	Running command: "/usr/bin/firefox" "-marionette" "-headless" "-foreground" "-no-remote" "-profile" "/tmp/rust_mozprofile.nJP5t2emzEEJ"
*** You are running in headless mode.
1568001995969	addons.webextension.screenshots@mozilla.org	WARN	Loading extension 'screenshots@mozilla.org': Reading manifest: Invalid extension permission: mozillaAddons
1568001995970	addons.webextension.screenshots@mozilla.org	WARN	Loading extension 'screenshots@mozilla.org': Reading manifest: Invalid extension permission: telemetry
1568001995970	addons.webextension.screenshots@mozilla.org	WARN	Loading extension 'screenshots@mozilla.org': Reading manifest: Invalid extension permission: resource://pdf.js/
1568001995970	addons.webextension.screenshots@mozilla.org	WARN	Loading extension 'screenshots@mozilla.org': Reading manifest: Invalid extension permission: about:reader*
1568001998521	Marionette	INFO	Listening on port 43219
1568001998533	Marionette	WARN	TLS certificate errors will be ignored for this session
JavaScript error: https://cdn.ampproject.org/rtv/011908231648370/amp4ads-v0.js, line 189: NS_ERROR_FAILURE: 
JavaScript error: https://cdn.ampproject.org/rtv/011908231648370/amp4ads-v0.js, line 189: NS_ERROR_FAILURE: 
JavaScript error: https://storage.googleapis.com/workbox-cdn/releases/3.6.3/workbox-core.prod.js, line 1: Error: The open request was blocked and timed out
JavaScript error: https://storage.googleapis.com/workbox-cdn/releases/3.6.3/workbox-core.prod.js, line 1: Error: The open request was blocked and timed out
JavaScript error: https://storage.googleapis.com/workbox-cdn/releases/3.6.3/workbox-core.prod.js, line 1: Error: The open request was blocked and timed out
[Child 6958, Chrome_ChildThread] WARNING: pipe error: Broken pipe: file /build/firefox-gS7uvX/firefox-69.0+build2/ipc/chromium/src/chrome/common/ipc_channel_posix.cc, line 728
[Child 6958, Chrome_ChildThread] WARNING: pipe error: Broken pipe: file /build/firefox-gS7uvX/firefox-69.0+build2/ipc/chromium/src/chrome/common/ipc_channel_posix.cc, line 728
Exiting due to channel error.
[Child 9589, Chrome_ChildThread] WARNING: pipe error (3): Connection reset by peer: file /build/firefox-gS7uvX/firefox-69.0+build2/ipc/chromium/src/chrome/common/ipc_channel_posix.cc, line 358
Exiting due to channel error.
[Child 9275, Chrome_ChildThread] WARNING: pipe error (3): Connection reset by peer: file /build/firefox-gS7uvX/firefox-69.0+build2/ipc/chromium/src/chrome/common/ipc_channel_posix.cc, line 358
[Child 7434, Chrome_ChildThread] WARNING: pipe error: Broken pipe: file /build/firefox-gS7uvX/firefox-69.0+build2/ipc/chromium/src/chrome/common/ipc_channel_posix.cc, line 728
[Child 7434, Chrome_ChildThread] WARNING: pipe error: Broken pipe: file /build/firefox-gS7uvX/firefox-69.0+build2/ipc/chromium/src/chrome/common/ipc_channel_posix.cc, line 728
Exiting due to channel error.
[Child 9788, Chrome_ChildThread] WARNING: pipe error: Broken pipe: file /build/firefox-gS7uvX/firefox-69.0+build2/ipc/chromium/src/chrome/common/ipc_channel_posix.cc, line 728
[Child 9788, Chrome_ChildThread] WARNING: pipe error: Broken pipe: file /build/firefox-gS7uvX/firefox-69.0+build2/ipc/chromium/src/chrome/common/ipc_channel_posix.cc, line 728
Exiting due to channel error.
Exiting due to channel error.
Exiting due to channel error.
[Child 7434, Chrome_ChildThread] WARNING: pipe error (3): Connection reset by peer: file /build/firefox-gS7uvX/firefox-69.0+build2/ipc/chromium/src/chrome/common/ipc_channel_posix.cc, line 358
Exiting due to channel error.
Exiting due to channel error.
Exiting due to channel error.
Exiting due to channel error.
Exiting due to channel error.
Exiting due to channel error.
Exiting due to channel error.
Exiting due to channel error.
Exiting due to channel error.
Exiting due to channel error.
[Child 9250, Chrome_ChildThread] WARNING: pipe error (3): Connection reset by peer: file /build/firefox-gS7uvX/firefox-69.0+build2/ipc/chromium/src/chrome/common/ipc_channel_posix.cc, line 358
[GFX1-]: Receive IPC close with reason=AbnormalShutdown
Exiting due to channel error.
Exiting due to channel error.
